2019-02-21 13:06:08.529 DEBUG 31528 --- [restartedMain] edFilterInvocationSecurityMetadataSource : Adding web access control expression 'hasRole('ROLE_USER')', for Ant [pattern='/design']
2019-02-21 13:06:08.536 DEBUG 31528 --- [restartedMain] edFilterInvocationSecurityMetadataSource : Adding web access control expression 'hasRole('ROLE_USER')', for Ant [pattern='/orders']
2019-02-21 13:06:08.537 DEBUG 31528 --- [restartedMain] edFilterInvocationSecurityMetadataSource : Adding web access control expression 'permitAll', for Ant [pattern='/']
2019-02-21 13:06:08.538 DEBUG 31528 --- [restartedMain] edFilterInvocationSecurityMetadataSource : Adding web access control expression 'permitAll', for Ant [pattern='/**']
2019-02-21 13:06:08.539 DEBUG 31528 --- [restartedMain] edFilterInvocationSecurityMetadataSource : Adding web access control expression 'permitAll', for Ant [pattern='/console/**']
2019-02-21 13:06:08.547 DEBUG 31528 --- [restartedMain] o.s.s.w.a.i.FilterSecurityInterceptor    : Validated configuration attributes
2019-02-21 13:06:08.548 DEBUG 31528 --- [restartedMain] o.s.s.w.a.i.FilterSecurityInterceptor    : Validated configuration attributes
2019-02-21 13:06:08.557  INFO 31528 --- [restartedMain] o.s.s.web.DefaultSecurityFilterChain     : Creating filter chain: org.springframework.security.web.util.matcher.AnyRequestMatcher@1, [org.springframework.security.web.context.request.async.WebAsyncManagerIntegrationFilter@67e5680f, org.springframework.security.web.context.SecurityContextPersistenceFilter@3b229102, org.springframework.security.web.header.HeaderWriterFilter@6749113e, org.springframework.security.web.authentication.logout.LogoutFilter@498e6cb7, org.springframework.security.web.authentication.UsernamePasswordAuthenticationFilter@65e64d41, org.springframework.security.web.savedrequest.RequestCacheAwareFilter@1ee7e770, org.springframework.security.web.servletapi.SecurityContextHolderAwareRequestFilter@3040dc43, org.springframework.security.web.authentication.AnonymousAuthenticationFilter@f03e706, org.springframework.security.web.session.SessionManagementFilter@6fb42120, org.springframework.security.web.access.ExceptionTranslationFilter@4d8f1e93, org.springframework.security.web.access.intercept.FilterSecurityInterceptor@7c8d029c]
2019-02-21 13:06:08.834  WARN 31528 --- [restartedMain] aWebConfiguration$JpaWebMvcConfiguration : spring.jpa.open-in-view is enabled by default. Therefore, database queries may be performed during view rendering. Explicitly configure spring.jpa.open-in-view to disable this warning
2019-02-21 13:13:10.289 DEBUG 31528 --- [https-jsse-nio-8443-exec-3] o.s.security.web.FilterChainProxy        : / at position 1 of 11 in additional filter chain; firing Filter: 'WebAsyncManagerIntegrationFilter'
2019-02-21 13:13:10.292 DEBUG 31528 --- [https-jsse-nio-8443-exec-3] o.s.security.web.FilterChainProxy        : / at position 2 of 11 in additional filter chain; firing Filter: 'SecurityContextPersistenceFilter'
2019-02-21 13:13:10.293 DEBUG 31528 --- [https-jsse-nio-8443-exec-3] w.c.HttpSessionSecurityContextRepository : No HttpSession currently exists
2019-02-21 13:13:10.293 DEBUG 31528 --- [https-jsse-nio-8443-exec-3] w.c.HttpSessionSecurityContextRepository : No SecurityContext was available from the HttpSession: null. A new one will be created.
2019-02-21 13:13:10.296 DEBUG 31528 --- [https-jsse-nio-8443-exec-3] o.s.security.web.FilterChainProxy        : / at position 3 of 11 in additional filter chain; firing Filter: 'HeaderWriterFilter'
2019-02-21 13:13:10.296 DEBUG 31528 --- [https-jsse-nio-8443-exec-3] o.s.security.web.FilterChainProxy        : / at position 4 of 11 in additional filter chain; firing Filter: 'LogoutFilter'
2019-02-21 13:13:10.297 DEBUG 31528 --- [https-jsse-nio-8443-exec-3] o.s.s.web.util.matcher.OrRequestMatcher  : Trying to match using Ant [pattern='/logout', GET]
2019-02-21 13:13:10.297 DEBUG 31528 --- [https-jsse-nio-8443-exec-3] o.s.s.w.u.matcher.AntPathRequestMatcher  : Checking match of request : '/'; against '/logout'
2019-02-21 13:13:10.298 DEBUG 31528 --- [https-jsse-nio-8443-exec-3] o.s.s.web.util.matcher.OrRequestMatcher  : Trying to match using Ant [pattern='/logout', POST]
2019-02-21 13:13:10.298 DEBUG 31528 --- [https-jsse-nio-8443-exec-3] o.s.s.w.u.matcher.AntPathRequestMatcher  : Request 'GET /' doesn't match 'POST /logout
2019-02-21 13:13:10.298 DEBUG 31528 --- [https-jsse-nio-8443-exec-3] o.s.s.web.util.matcher.OrRequestMatcher  : Trying to match using Ant [pattern='/logout', PUT]
2019-02-21 13:13:10.298 DEBUG 31528 --- [https-jsse-nio-8443-exec-3] o.s.s.w.u.matcher.AntPathRequestMatcher  : Request 'GET /' doesn't match 'PUT /logout
2019-02-21 13:13:10.298 DEBUG 31528 --- [https-jsse-nio-8443-exec-3] o.s.s.web.util.matcher.OrRequestMatcher  : Trying to match using Ant [pattern='/logout', DELETE]
2019-02-21 13:13:10.298 DEBUG 31528 --- [https-jsse-nio-8443-exec-3] o.s.s.w.u.matcher.AntPathRequestMatcher  : Request 'GET /' doesn't match 'DELETE /logout
2019-02-21 13:13:10.298 DEBUG 31528 --- [https-jsse-nio-8443-exec-3] o.s.s.web.util.matcher.OrRequestMatcher  : No matches found
2019-02-21 13:13:10.298 DEBUG 31528 --- [https-jsse-nio-8443-exec-3] o.s.security.web.FilterChainProxy        : / at position 5 of 11 in additional filter chain; firing Filter: 'UsernamePasswordAuthenticationFilter'
2019-02-21 13:13:10.299 DEBUG 31528 --- [https-jsse-nio-8443-exec-3] o.s.s.w.u.matcher.AntPathRequestMatcher  : Request 'GET /' doesn't match 'POST /login
2019-02-21 13:13:10.299 DEBUG 31528 --- [https-jsse-nio-8443-exec-3] o.s.security.web.FilterChainProxy        : / at position 6 of 11 in additional filter chain; firing Filter: 'RequestCacheAwareFilter'
2019-02-21 13:13:10.299 DEBUG 31528 --- [https-jsse-nio-8443-exec-3] o.s.security.web.FilterChainProxy        : / at position 7 of 11 in additional filter chain; firing Filter: 'SecurityContextHolderAwareRequestFilter'
2019-02-21 13:13:10.300 DEBUG 31528 --- [https-jsse-nio-8443-exec-3] o.s.security.web.FilterChainProxy        : / at position 8 of 11 in additional filter chain; firing Filter: 'AnonymousAuthenticationFilter'
2019-02-21 13:13:10.301 DEBUG 31528 --- [https-jsse-nio-8443-exec-3] o.s.s.w.a.AnonymousAuthenticationFilter  : Populated SecurityContextHolder with anonymous token: 'org.springframework.security.authentication.AnonymousAuthenticationToken@d9b44ce9: Principal: anonymousUser; Credentials: [PROTECTED]; Authenticated: true; Details: org.springframework.security.web.authentication.WebAuthenticationDetails@b364: RemoteIpAddress: 0:0:0:0:0:0:0:1; SessionId: null; Granted Authorities: ROLE_ANONYMOUS'
2019-02-21 13:13:10.301 DEBUG 31528 --- [https-jsse-nio-8443-exec-3] o.s.security.web.FilterChainProxy        : / at position 9 of 11 in additional filter chain; firing Filter: 'SessionManagementFilter'
2019-02-21 13:13:10.302 DEBUG 31528 --- [https-jsse-nio-8443-exec-3] o.s.s.w.session.SessionManagementFilter  : Requested session ID 6B27D7F7796C7B11822F03DB83AABED9 is invalid.
2019-02-21 13:13:10.302 DEBUG 31528 --- [https-jsse-nio-8443-exec-3] o.s.security.web.FilterChainProxy        : / at position 10 of 11 in additional filter chain; firing Filter: 'ExceptionTranslationFilter'
2019-02-21 13:13:10.303 DEBUG 31528 --- [https-jsse-nio-8443-exec-3] o.s.security.web.FilterChainProxy        : / at position 11 of 11 in additional filter chain; firing Filter: 'FilterSecurityInterceptor'
2019-02-21 13:13:10.303 DEBUG 31528 --- [https-jsse-nio-8443-exec-3] o.s.s.w.u.matcher.AntPathRequestMatcher  : Checking match of request : '/'; against '/design'
2019-02-21 13:13:10.304 DEBUG 31528 --- [https-jsse-nio-8443-exec-3] o.s.s.w.u.matcher.AntPathRequestMatcher  : Checking match of request : '/'; against '/orders'
2019-02-21 13:13:10.304 DEBUG 31528 --- [https-jsse-nio-8443-exec-3] o.s.s.w.u.matcher.AntPathRequestMatcher  : Checking match of request : '/'; against '/'
2019-02-21 13:13:10.304 DEBUG 31528 --- [https-jsse-nio-8443-exec-3] o.s.s.w.a.i.FilterSecurityInterceptor    : Secure object: FilterInvocation: URL: /; Attributes: [permitAll]
2019-02-21 13:13:10.304 DEBUG 31528 --- [https-jsse-nio-8443-exec-3] o.s.s.w.a.i.FilterSecurityInterceptor    : Previously Authenticated: org.springframework.security.authentication.AnonymousAuthenticationToken@d9b44ce9: Principal: anonymousUser; Credentials: [PROTECTED]; Authenticated: true; Details: org.springframework.security.web.authentication.WebAuthenticationDetails@b364: RemoteIpAddress: 0:0:0:0:0:0:0:1; SessionId: null; Granted Authorities: ROLE_ANONYMOUS
2019-02-21 13:13:10.309 DEBUG 31528 --- [https-jsse-nio-8443-exec-3] o.s.s.access.vote.AffirmativeBased       : Voter: org.springframework.security.web.access.expression.WebExpressionVoter@5bee22a2, returned: 1
2019-02-21 13:13:10.310 DEBUG 31528 --- [https-jsse-nio-8443-exec-3] o.s.s.w.a.i.FilterSecurityInterceptor    : Authorization successful
2019-02-21 13:13:10.310 DEBUG 31528 --- [https-jsse-nio-8443-exec-3] o.s.s.w.a.i.FilterSecurityInterceptor    : RunAsManager did not change Authentication object
2019-02-21 13:13:10.310 DEBUG 31528 --- [https-jsse-nio-8443-exec-3] o.s.security.web.FilterChainProxy        : / reached end of additional filter chain; proceeding with original chain
2019-02-21 13:13:10.322 DEBUG 31528 --- [https-jsse-nio-8443-exec-3] w.c.HttpSessionSecurityContextRepository : SecurityContext is empty or contents are anonymous - context will not be stored in HttpSession.
2019-02-21 13:13:10.327 DEBUG 31528 --- [https-jsse-nio-8443-exec-3] o.s.s.w.a.ExceptionTranslationFilter     : Chain processed normally
2019-02-21 13:13:10.327 DEBUG 31528 --- [https-jsse-nio-8443-exec-3] s.s.w.c.SecurityContextPersistenceFilter : SecurityContextHolder now cleared, as request processing completed
2019-02-21 13:13:10.332 DEBUG 31528 --- [https-jsse-nio-8443-exec-3] o.s.security.web.FilterChainProxy        : /error at position 1 of 11 in additional filter chain; firing Filter: 'WebAsyncManagerIntegrationFilter'
2019-02-21 13:13:10.333 DEBUG 31528 --- [https-jsse-nio-8443-exec-3] o.s.security.web.FilterChainProxy        : /error at position 2 of 11 in additional filter chain; firing Filter: 'SecurityContextPersistenceFilter'
2019-02-21 13:13:10.333 DEBUG 31528 --- [https-jsse-nio-8443-exec-3] w.c.HttpSessionSecurityContextRepository : No HttpSession currently exists
2019-02-21 13:13:10.333 DEBUG 31528 --- [https-jsse-nio-8443-exec-3] w.c.HttpSessionSecurityContextRepository : No SecurityContext was available from the HttpSession: null. A new one will be created.
2019-02-21 13:13:10.333 DEBUG 31528 --- [https-jsse-nio-8443-exec-3] o.s.security.web.FilterChainProxy        : /error at position 3 of 11 in additional filter chain; firing Filter: 'HeaderWriterFilter'
2019-02-21 13:13:10.333 DEBUG 31528 --- [https-jsse-nio-8443-exec-3] o.s.security.web.FilterChainProxy        : /error at position 4 of 11 in additional filter chain; firing Filter: 'LogoutFilter'
2019-02-21 13:13:10.333 DEBUG 31528 --- [https-jsse-nio-8443-exec-3] o.s.s.web.util.matcher.OrRequestMatcher  : Trying to match using Ant [pattern='/logout', GET]
2019-02-21 13:13:10.333 DEBUG 31528 --- [https-jsse-nio-8443-exec-3] o.s.s.w.u.matcher.AntPathRequestMatcher  : Checking match of request : '/error'; against '/logout'
2019-02-21 13:13:10.333 DEBUG 31528 --- [https-jsse-nio-8443-exec-3] o.s.s.web.util.matcher.OrRequestMatcher  : Trying to match using Ant [pattern='/logout', POST]
2019-02-21 13:13:10.333 DEBUG 31528 --- [https-jsse-nio-8443-exec-3] o.s.s.w.u.matcher.AntPathRequestMatcher  : Request 'GET /error' doesn't match 'POST /logout
2019-02-21 13:13:10.333 DEBUG 31528 --- [https-jsse-nio-8443-exec-3] o.s.s.web.util.matcher.OrRequestMatcher  : Trying to match using Ant [pattern='/logout', PUT]
2019-02-21 13:13:10.333 DEBUG 31528 --- [https-jsse-nio-8443-exec-3] o.s.s.w.u.matcher.AntPathRequestMatcher  : Request 'GET /error' doesn't match 'PUT /logout
2019-02-21 13:13:10.333 DEBUG 31528 --- [https-jsse-nio-8443-exec-3] o.s.s.web.util.matcher.OrRequestMatcher  : Trying to match using Ant [pattern='/logout', DELETE]
2019-02-21 13:13:10.334 DEBUG 31528 --- [https-jsse-nio-8443-exec-3] o.s.s.w.u.matcher.AntPathRequestMatcher  : Request 'GET /error' doesn't match 'DELETE /logout
2019-02-21 13:13:10.334 DEBUG 31528 --- [https-jsse-nio-8443-exec-3] o.s.s.web.util.matcher.OrRequestMatcher  : No matches found
2019-02-21 13:13:10.334 DEBUG 31528 --- [https-jsse-nio-8443-exec-3] o.s.security.web.FilterChainProxy        : /error at position 5 of 11 in additional filter chain; firing Filter: 'UsernamePasswordAuthenticationFilter'
2019-02-21 13:13:10.334 DEBUG 31528 --- [https-jsse-nio-8443-exec-3] o.s.s.w.u.matcher.AntPathRequestMatcher  : Request 'GET /error' doesn't match 'POST /login
2019-02-21 13:13:10.334 DEBUG 31528 --- [https-jsse-nio-8443-exec-3] o.s.security.web.FilterChainProxy        : /error at position 6 of 11 in additional filter chain; firing Filter: 'RequestCacheAwareFilter'
2019-02-21 13:13:10.334 DEBUG 31528 --- [https-jsse-nio-8443-exec-3] o.s.security.web.FilterChainProxy        : /error at position 7 of 11 in additional filter chain; firing Filter: 'SecurityContextHolderAwareRequestFilter'
2019-02-21 13:13:10.335 DEBUG 31528 --- [https-jsse-nio-8443-exec-3] o.s.security.web.FilterChainProxy        : /error at position 8 of 11 in additional filter chain; firing Filter: 'AnonymousAuthenticationFilter'
2019-02-21 13:13:10.335 DEBUG 31528 --- [https-jsse-nio-8443-exec-3] o.s.s.w.a.AnonymousAuthenticationFilter  : Populated SecurityContextHolder with anonymous token: 'org.springframework.security.authentication.AnonymousAuthenticationToken@d9b44ce9: Principal: anonymousUser; Credentials: [PROTECTED]; Authenticated: true; Details: org.springframework.security.web.authentication.WebAuthenticationDetails@b364: RemoteIpAddress: 0:0:0:0:0:0:0:1; SessionId: null; Granted Authorities: ROLE_ANONYMOUS'
2019-02-21 13:13:10.335 DEBUG 31528 --- [https-jsse-nio-8443-exec-3] o.s.security.web.FilterChainProxy        : /error at position 9 of 11 in additional filter chain; firing Filter: 'SessionManagementFilter'
2019-02-21 13:13:10.335 DEBUG 31528 --- [https-jsse-nio-8443-exec-3] o.s.security.web.FilterChainProxy        : /error at position 10 of 11 in additional filter chain; firing Filter: 'ExceptionTranslationFilter'
2019-02-21 13:13:10.335 DEBUG 31528 --- [https-jsse-nio-8443-exec-3] o.s.security.web.FilterChainProxy        : /error at position 11 of 11 in additional filter chain; firing Filter: 'FilterSecurityInterceptor'
2019-02-21 13:13:10.335 DEBUG 31528 --- [https-jsse-nio-8443-exec-3] o.s.security.web.FilterChainProxy        : /error reached end of additional filter chain; proceeding with original chain
2019-02-21 13:13:10.379 DEBUG 31528 --- [https-jsse-nio-8443-exec-3] o.s.s.w.a.ExceptionTranslationFilter     : Chain processed normally
2019-02-21 13:13:10.379 DEBUG 31528 --- [https-jsse-nio-8443-exec-3] w.c.HttpSessionSecurityContextRepository : SecurityContext is empty or contents are anonymous - context will not be stored in HttpSession.
2019-02-21 13:13:10.379 DEBUG 31528 --- [https-jsse-nio-8443-exec-3] s.s.w.c.SecurityContextPersistenceFilter : SecurityContextHolder now cleared, as request processing completed
2019-02-21 13:13:10.645 DEBUG 31528 --- [https-jsse-nio-8443-exec-4] o.s.security.web.FilterChainProxy        : /favicon.ico at position 1 of 11 in additional filter chain; firing Filter: 'WebAsyncManagerIntegrationFilter'
2019-02-21 13:13:10.645 DEBUG 31528 --- [https-jsse-nio-8443-exec-4] o.s.security.web.FilterChainProxy        : /favicon.ico at position 2 of 11 in additional filter chain; firing Filter: 'SecurityContextPersistenceFilter'
2019-02-21 13:13:10.645 DEBUG 31528 --- [https-jsse-nio-8443-exec-4] w.c.HttpSessionSecurityContextRepository : No HttpSession currently exists
2019-02-21 13:13:10.645 DEBUG 31528 --- [https-jsse-nio-8443-exec-4] w.c.HttpSessionSecurityContextRepository : No SecurityContext was available from the HttpSession: null. A new one will be created.
2019-02-21 13:13:10.645 DEBUG 31528 --- [https-jsse-nio-8443-exec-4] o.s.security.web.FilterChainProxy        : /favicon.ico at position 3 of 11 in additional filter chain; firing Filter: 'HeaderWriterFilter'
2019-02-21 13:13:10.645 DEBUG 31528 --- [https-jsse-nio-8443-exec-4] o.s.security.web.FilterChainProxy        : /favicon.ico at position 4 of 11 in additional filter chain; firing Filter: 'LogoutFilter'
2019-02-21 13:13:10.646 DEBUG 31528 --- [https-jsse-nio-8443-exec-4] o.s.s.web.util.matcher.OrRequestMatcher  : Trying to match using Ant [pattern='/logout', GET]
2019-02-21 13:13:10.646 DEBUG 31528 --- [https-jsse-nio-8443-exec-4] o.s.s.w.u.matcher.AntPathRequestMatcher  : Checking match of request : '/favicon.ico'; against '/logout'
2019-02-21 13:13:10.646 DEBUG 31528 --- [https-jsse-nio-8443-exec-4] o.s.s.web.util.matcher.OrRequestMatcher  : Trying to match using Ant [pattern='/logout', POST]
2019-02-21 13:13:10.646 DEBUG 31528 --- [https-jsse-nio-8443-exec-4] o.s.s.w.u.matcher.AntPathRequestMatcher  : Request 'GET /favicon.ico' doesn't match 'POST /logout
2019-02-21 13:13:10.646 DEBUG 31528 --- [https-jsse-nio-8443-exec-4] o.s.s.web.util.matcher.OrRequestMatcher  : Trying to match using Ant [pattern='/logout', PUT]
2019-02-21 13:13:10.646 DEBUG 31528 --- [https-jsse-nio-8443-exec-4] o.s.s.w.u.matcher.AntPathRequestMatcher  : Request 'GET /favicon.ico' doesn't match 'PUT /logout
2019-02-21 13:13:10.646 DEBUG 31528 --- [https-jsse-nio-8443-exec-4] o.s.s.web.util.matcher.OrRequestMatcher  : Trying to match using Ant [pattern='/logout', DELETE]
2019-02-21 13:13:10.646 DEBUG 31528 --- [https-jsse-nio-8443-exec-4] o.s.s.w.u.matcher.AntPathRequestMatcher  : Request 'GET /favicon.ico' doesn't match 'DELETE /logout
2019-02-21 13:13:10.646 DEBUG 31528 --- [https-jsse-nio-8443-exec-4] o.s.s.web.util.matcher.OrRequestMatcher  : No matches found
2019-02-21 13:13:10.646 DEBUG 31528 --- [https-jsse-nio-8443-exec-4] o.s.security.web.FilterChainProxy        : /favicon.ico at position 5 of 11 in additional filter chain; firing Filter: 'UsernamePasswordAuthenticationFilter'
2019-02-21 13:13:10.646 DEBUG 31528 --- [https-jsse-nio-8443-exec-4] o.s.s.w.u.matcher.AntPathRequestMatcher  : Request 'GET /favicon.ico' doesn't match 'POST /login
2019-02-21 13:13:10.646 DEBUG 31528 --- [https-jsse-nio-8443-exec-4] o.s.security.web.FilterChainProxy        : /favicon.ico at position 6 of 11 in additional filter chain; firing Filter: 'RequestCacheAwareFilter'
2019-02-21 13:13:10.646 DEBUG 31528 --- [https-jsse-nio-8443-exec-4] o.s.security.web.FilterChainProxy        : /favicon.ico at position 7 of 11 in additional filter chain; firing Filter: 'SecurityContextHolderAwareRequestFilter'
2019-02-21 13:13:10.647 DEBUG 31528 --- [https-jsse-nio-8443-exec-4] o.s.security.web.FilterChainProxy        : /favicon.ico at position 8 of 11 in additional filter chain; firing Filter: 'AnonymousAuthenticationFilter'
2019-02-21 13:13:10.647 DEBUG 31528 --- [https-jsse-nio-8443-exec-4] o.s.s.w.a.AnonymousAuthenticationFilter  : Populated SecurityContextHolder with anonymous token: 'org.springframework.security.authentication.AnonymousAuthenticationToken@d9b44ce9: Principal: anonymousUser; Credentials: [PROTECTED]; Authenticated: true; Details: org.springframework.security.web.authentication.WebAuthenticationDetails@b364: RemoteIpAddress: 0:0:0:0:0:0:0:1; SessionId: null; Granted Authorities: ROLE_ANONYMOUS'
2019-02-21 13:13:10.647 DEBUG 31528 --- [https-jsse-nio-8443-exec-4] o.s.security.web.FilterChainProxy        : /favicon.ico at position 9 of 11 in additional filter chain; firing Filter: 'SessionManagementFilter'
2019-02-21 13:13:10.647 DEBUG 31528 --- [https-jsse-nio-8443-exec-4] o.s.s.w.session.SessionManagementFilter  : Requested session ID 6B27D7F7796C7B11822F03DB83AABED9 is invalid.
2019-02-21 13:13:10.647 DEBUG 31528 --- [https-jsse-nio-8443-exec-4] o.s.security.web.FilterChainProxy        : /favicon.ico at position 10 of 11 in additional filter chain; firing Filter: 'ExceptionTranslationFilter'
2019-02-21 13:13:10.647 DEBUG 31528 --- [https-jsse-nio-8443-exec-4] o.s.security.web.FilterChainProxy        : /favicon.ico at position 11 of 11 in additional filter chain; firing Filter: 'FilterSecurityInterceptor'
2019-02-21 13:13:10.647 DEBUG 31528 --- [https-jsse-nio-8443-exec-4] o.s.s.w.u.matcher.AntPathRequestMatcher  : Checking match of request : '/favicon.ico'; against '/design'
2019-02-21 13:13:10.647 DEBUG 31528 --- [https-jsse-nio-8443-exec-4] o.s.s.w.u.matcher.AntPathRequestMatcher  : Checking match of request : '/favicon.ico'; against '/orders'
2019-02-21 13:13:10.647 DEBUG 31528 --- [https-jsse-nio-8443-exec-4] o.s.s.w.u.matcher.AntPathRequestMatcher  : Checking match of request : '/favicon.ico'; against '/'
2019-02-21 13:13:10.647 DEBUG 31528 --- [https-jsse-nio-8443-exec-4] o.s.s.w.u.matcher.AntPathRequestMatcher  : Request '/favicon.ico' matched by universal pattern '/**'
2019-02-21 13:13:10.647 DEBUG 31528 --- [https-jsse-nio-8443-exec-4] o.s.s.w.a.i.FilterSecurityInterceptor    : Secure object: FilterInvocation: URL: /favicon.ico; Attributes: [permitAll]
2019-02-21 13:13:10.648 DEBUG 31528 --- [https-jsse-nio-8443-exec-4] o.s.s.w.a.i.FilterSecurityInterceptor    : Previously Authenticated: org.springframework.security.authentication.AnonymousAuthenticationToken@d9b44ce9: Principal: anonymousUser; Credentials: [PROTECTED]; Authenticated: true; Details: org.springframework.security.web.authentication.WebAuthenticationDetails@b364: RemoteIpAddress: 0:0:0:0:0:0:0:1; SessionId: null; Granted Authorities: ROLE_ANONYMOUS
2019-02-21 13:13:10.648 DEBUG 31528 --- [https-jsse-nio-8443-exec-4] o.s.s.access.vote.AffirmativeBased       : Voter: org.springframework.security.web.access.expression.WebExpressionVoter@5bee22a2, returned: 1
2019-02-21 13:13:10.648 DEBUG 31528 --- [https-jsse-nio-8443-exec-4] o.s.s.w.a.i.FilterSecurityInterceptor    : Authorization successful
2019-02-21 13:13:10.648 DEBUG 31528 --- [https-jsse-nio-8443-exec-4] o.s.s.w.a.i.FilterSecurityInterceptor    : RunAsManager did not change Authentication object
2019-02-21 13:13:10.648 DEBUG 31528 --- [https-jsse-nio-8443-exec-4] o.s.security.web.FilterChainProxy        : /favicon.ico reached end of additional filter chain; proceeding with original chain
2019-02-21 13:13:10.670 DEBUG 31528 --- [https-jsse-nio-8443-exec-4] w.c.HttpSessionSecurityContextRepository : SecurityContext is empty or contents are anonymous - context will not be stored in HttpSession.
2019-02-21 13:13:10.671 DEBUG 31528 --- [https-jsse-nio-8443-exec-4] o.s.s.w.a.ExceptionTranslationFilter     : Chain processed normally
2019-02-21 13:13:10.672 DEBUG 31528 --- [https-jsse-nio-8443-exec-4] s.s.w.c.SecurityContextPersistenceFilter : SecurityContextHolder now cleared, as request processing completed
2019-02-21 13:13:50.616 DEBUG 31528 --- [https-jsse-nio-8443-exec-5] o.s.security.web.FilterChainProxy        : /desgin at position 1 of 11 in additional filter chain; firing Filter: 'WebAsyncManagerIntegrationFilter'
2019-02-21 13:13:50.618 DEBUG 31528 --- [https-jsse-nio-8443-exec-5] o.s.security.web.FilterChainProxy        : /desgin at position 2 of 11 in additional filter chain; firing Filter: 'SecurityContextPersistenceFilter'
2019-02-21 13:13:50.619 DEBUG 31528 --- [https-jsse-nio-8443-exec-5] w.c.HttpSessionSecurityContextRepository : No HttpSession currently exists
2019-02-21 13:13:50.619 DEBUG 31528 --- [https-jsse-nio-8443-exec-5] w.c.HttpSessionSecurityContextRepository : No SecurityContext was available from the HttpSession: null. A new one will be created.
2019-02-21 13:13:50.619 DEBUG 31528 --- [https-jsse-nio-8443-exec-5] o.s.security.web.FilterChainProxy        : /desgin at position 3 of 11 in additional filter chain; firing Filter: 'HeaderWriterFilter'
2019-02-21 13:13:50.619 DEBUG 31528 --- [https-jsse-nio-8443-exec-5] o.s.security.web.FilterChainProxy        : /desgin at position 4 of 11 in additional filter chain; firing Filter: 'LogoutFilter'
2019-02-21 13:13:50.619 DEBUG 31528 --- [https-jsse-nio-8443-exec-5] o.s.s.web.util.matcher.OrRequestMatcher  : Trying to match using Ant [pattern='/logout', GET]
2019-02-21 13:13:50.619 DEBUG 31528 --- [https-jsse-nio-8443-exec-5] o.s.s.w.u.matcher.AntPathRequestMatcher  : Checking match of request : '/desgin'; against '/logout'
2019-02-21 13:13:50.619 DEBUG 31528 --- [https-jsse-nio-8443-exec-5] o.s.s.web.util.matcher.OrRequestMatcher  : Trying to match using Ant [pattern='/logout', POST]
2019-02-21 13:13:50.619 DEBUG 31528 --- [https-jsse-nio-8443-exec-5] o.s.s.w.u.matcher.AntPathRequestMatcher  : Request 'GET /desgin' doesn't match 'POST /logout
2019-02-21 13:13:50.619 DEBUG 31528 --- [https-jsse-nio-8443-exec-5] o.s.s.web.util.matcher.OrRequestMatcher  : Trying to match using Ant [pattern='/logout', PUT]
2019-02-21 13:13:50.619 DEBUG 31528 --- [https-jsse-nio-8443-exec-5] o.s.s.w.u.matcher.AntPathRequestMatcher  : Request 'GET /desgin' doesn't match 'PUT /logout
2019-02-21 13:13:50.619 DEBUG 31528 --- [https-jsse-nio-8443-exec-5] o.s.s.web.util.matcher.OrRequestMatcher  : Trying to match using Ant [pattern='/logout', DELETE]
2019-02-21 13:13:50.619 DEBUG 31528 --- [https-jsse-nio-8443-exec-5] o.s.s.w.u.matcher.AntPathRequestMatcher  : Request 'GET /desgin' doesn't match 'DELETE /logout
2019-02-21 13:13:50.619 DEBUG 31528 --- [https-jsse-nio-8443-exec-5] o.s.s.web.util.matcher.OrRequestMatcher  : No matches found
2019-02-21 13:13:50.620 DEBUG 31528 --- [https-jsse-nio-8443-exec-5] o.s.security.web.FilterChainProxy        : /desgin at position 5 of 11 in additional filter chain; firing Filter: 'UsernamePasswordAuthenticationFilter'
2019-02-21 13:13:50.620 DEBUG 31528 --- [https-jsse-nio-8443-exec-5] o.s.s.w.u.matcher.AntPathRequestMatcher  : Request 'GET /desgin' doesn't match 'POST /login
2019-02-21 13:13:50.621 DEBUG 31528 --- [https-jsse-nio-8443-exec-5] o.s.security.web.FilterChainProxy        : /desgin at position 6 of 11 in additional filter chain; firing Filter: 'RequestCacheAwareFilter'
2019-02-21 13:13:50.621 DEBUG 31528 --- [https-jsse-nio-8443-exec-5] o.s.security.web.FilterChainProxy        : /desgin at position 7 of 11 in additional filter chain; firing Filter: 'SecurityContextHolderAwareRequestFilter'
2019-02-21 13:13:50.621 DEBUG 31528 --- [https-jsse-nio-8443-exec-5] o.s.security.web.FilterChainProxy        : /desgin at position 8 of 11 in additional filter chain; firing Filter: 'AnonymousAuthenticationFilter'
2019-02-21 13:13:50.621 DEBUG 31528 --- [https-jsse-nio-8443-exec-5] o.s.s.w.a.AnonymousAuthenticationFilter  : Populated SecurityContextHolder with anonymous token: 'org.springframework.security.authentication.AnonymousAuthenticationToken@d9b44ce9: Principal: anonymousUser; Credentials: [PROTECTED]; Authenticated: true; Details: org.springframework.security.web.authentication.WebAuthenticationDetails@b364: RemoteIpAddress: 0:0:0:0:0:0:0:1; SessionId: null; Granted Authorities: ROLE_ANONYMOUS'
2019-02-21 13:13:50.621 DEBUG 31528 --- [https-jsse-nio-8443-exec-5] o.s.security.web.FilterChainProxy        : /desgin at position 9 of 11 in additional filter chain; firing Filter: 'SessionManagementFilter'
2019-02-21 13:13:50.621 DEBUG 31528 --- [https-jsse-nio-8443-exec-5] o.s.s.w.session.SessionManagementFilter  : Requested session ID 6B27D7F7796C7B11822F03DB83AABED9 is invalid.
2019-02-21 13:13:50.621 DEBUG 31528 --- [https-jsse-nio-8443-exec-5] o.s.security.web.FilterChainProxy        : /desgin at position 10 of 11 in additional filter chain; firing Filter: 'ExceptionTranslationFilter'
2019-02-21 13:13:50.621 DEBUG 31528 --- [https-jsse-nio-8443-exec-5] o.s.security.web.FilterChainProxy        : /desgin at position 11 of 11 in additional filter chain; firing Filter: 'FilterSecurityInterceptor'
2019-02-21 13:13:50.621 DEBUG 31528 --- [https-jsse-nio-8443-exec-5] o.s.s.w.u.matcher.AntPathRequestMatcher  : Checking match of request : '/desgin'; against '/design'
2019-02-21 13:13:50.622 DEBUG 31528 --- [https-jsse-nio-8443-exec-5] o.s.s.w.u.matcher.AntPathRequestMatcher  : Checking match of request : '/desgin'; against '/orders'
2019-02-21 13:13:50.622 DEBUG 31528 --- [https-jsse-nio-8443-exec-5] o.s.s.w.u.matcher.AntPathRequestMatcher  : Checking match of request : '/desgin'; against '/'
2019-02-21 13:13:50.622 DEBUG 31528 --- [https-jsse-nio-8443-exec-5] o.s.s.w.u.matcher.AntPathRequestMatcher  : Request '/desgin' matched by universal pattern '/**'
2019-02-21 13:13:50.622 DEBUG 31528 --- [https-jsse-nio-8443-exec-5] o.s.s.w.a.i.FilterSecurityInterceptor    : Secure object: FilterInvocation: URL: /desgin; Attributes: [permitAll]
2019-02-21 13:13:50.622 DEBUG 31528 --- [https-jsse-nio-8443-exec-5] o.s.s.w.a.i.FilterSecurityInterceptor    : Previously Authenticated: org.springframework.security.authentication.AnonymousAuthenticationToken@d9b44ce9: Principal: anonymousUser; Credentials: [PROTECTED]; Authenticated: true; Details: org.springframework.security.web.authentication.WebAuthenticationDetails@b364: RemoteIpAddress: 0:0:0:0:0:0:0:1; SessionId: null; Granted Authorities: ROLE_ANONYMOUS
2019-02-21 13:13:50.622 DEBUG 31528 --- [https-jsse-nio-8443-exec-5] o.s.s.access.vote.AffirmativeBased       : Voter: org.springframework.security.web.access.expression.WebExpressionVoter@5bee22a2, returned: 1
2019-02-21 13:13:50.622 DEBUG 31528 --- [https-jsse-nio-8443-exec-5] o.s.s.w.a.i.FilterSecurityInterceptor    : Authorization successful
2019-02-21 13:13:50.622 DEBUG 31528 --- [https-jsse-nio-8443-exec-5] o.s.s.w.a.i.FilterSecurityInterceptor    : RunAsManager did not change Authentication object
2019-02-21 13:13:50.622 DEBUG 31528 --- [https-jsse-nio-8443-exec-5] o.s.security.web.FilterChainProxy        : /desgin reached end of additional filter chain; proceeding with original chain
2019-02-21 13:13:50.625 DEBUG 31528 --- [https-jsse-nio-8443-exec-5] w.c.HttpSessionSecurityContextRepository : SecurityContext is empty or contents are anonymous - context will not be stored in HttpSession.
2019-02-21 13:13:50.625 DEBUG 31528 --- [https-jsse-nio-8443-exec-5] o.s.s.w.a.ExceptionTranslationFilter     : Chain processed normally
2019-02-21 13:13:50.626 DEBUG 31528 --- [https-jsse-nio-8443-exec-5] s.s.w.c.SecurityContextPersistenceFilter : SecurityContextHolder now cleared, as request processing completed
2019-02-21 13:13:50.628 DEBUG 31528 --- [https-jsse-nio-8443-exec-5] o.s.security.web.FilterChainProxy        : /error at position 1 of 11 in additional filter chain; firing Filter: 'WebAsyncManagerIntegrationFilter'
2019-02-21 13:13:50.628 DEBUG 31528 --- [https-jsse-nio-8443-exec-5] o.s.security.web.FilterChainProxy        : /error at position 2 of 11 in additional filter chain; firing Filter: 'SecurityContextPersistenceFilter'
2019-02-21 13:13:50.628 DEBUG 31528 --- [https-jsse-nio-8443-exec-5] w.c.HttpSessionSecurityContextRepository : No HttpSession currently exists
2019-02-21 13:13:50.628 DEBUG 31528 --- [https-jsse-nio-8443-exec-5] w.c.HttpSessionSecurityContextRepository : No SecurityContext was available from the HttpSession: null. A new one will be created.
2019-02-21 13:13:50.628 DEBUG 31528 --- [https-jsse-nio-8443-exec-5] o.s.security.web.FilterChainProxy        : /error at position 3 of 11 in additional filter chain; firing Filter: 'HeaderWriterFilter'
2019-02-21 13:13:50.628 DEBUG 31528 --- [https-jsse-nio-8443-exec-5] o.s.security.web.FilterChainProxy        : /error at position 4 of 11 in additional filter chain; firing Filter: 'LogoutFilter'
2019-02-21 13:13:50.628 DEBUG 31528 --- [https-jsse-nio-8443-exec-5] o.s.s.web.util.matcher.OrRequestMatcher  : Trying to match using Ant [pattern='/logout', GET]
2019-02-21 13:13:50.628 DEBUG 31528 --- [https-jsse-nio-8443-exec-5] o.s.s.w.u.matcher.AntPathRequestMatcher  : Checking match of request : '/error'; against '/logout'
2019-02-21 13:13:50.628 DEBUG 31528 --- [https-jsse-nio-8443-exec-5] o.s.s.web.util.matcher.OrRequestMatcher  : Trying to match using Ant [pattern='/logout', POST]
2019-02-21 13:13:50.628 DEBUG 31528 --- [https-jsse-nio-8443-exec-5] o.s.s.w.u.matcher.AntPathRequestMatcher  : Request 'GET /error' doesn't match 'POST /logout
2019-02-21 13:13:50.628 DEBUG 31528 --- [https-jsse-nio-8443-exec-5] o.s.s.web.util.matcher.OrRequestMatcher  : Trying to match using Ant [pattern='/logout', PUT]
2019-02-21 13:13:50.629 DEBUG 31528 --- [https-jsse-nio-8443-exec-5] o.s.s.w.u.matcher.AntPathRequestMatcher  : Request 'GET /error' doesn't match 'PUT /logout
2019-02-21 13:13:50.629 DEBUG 31528 --- [https-jsse-nio-8443-exec-5] o.s.s.web.util.matcher.OrRequestMatcher  : Trying to match using Ant [pattern='/logout', DELETE]
2019-02-21 13:13:50.629 DEBUG 31528 --- [https-jsse-nio-8443-exec-5] o.s.s.w.u.matcher.AntPathRequestMatcher  : Request 'GET /error' doesn't match 'DELETE /logout
2019-02-21 13:13:50.629 DEBUG 31528 --- [https-jsse-nio-8443-exec-5] o.s.s.web.util.matcher.OrRequestMatcher  : No matches found
2019-02-21 13:13:50.629 DEBUG 31528 --- [https-jsse-nio-8443-exec-5] o.s.security.web.FilterChainProxy        : /error at position 5 of 11 in additional filter chain; firing Filter: 'UsernamePasswordAuthenticationFilter'
2019-02-21 13:13:50.629 DEBUG 31528 --- [https-jsse-nio-8443-exec-5] o.s.s.w.u.matcher.AntPathRequestMatcher  : Request 'GET /error' doesn't match 'POST /login
2019-02-21 13:13:50.629 DEBUG 31528 --- [https-jsse-nio-8443-exec-5] o.s.security.web.FilterChainProxy        : /error at position 6 of 11 in additional filter chain; firing Filter: 'RequestCacheAwareFilter'
2019-02-21 13:13:50.629 DEBUG 31528 --- [https-jsse-nio-8443-exec-5] o.s.security.web.FilterChainProxy        : /error at position 7 of 11 in additional filter chain; firing Filter: 'SecurityContextHolderAwareRequestFilter'
2019-02-21 13:13:50.629 DEBUG 31528 --- [https-jsse-nio-8443-exec-5] o.s.security.web.FilterChainProxy        : /error at position 8 of 11 in additional filter chain; firing Filter: 'AnonymousAuthenticationFilter'
2019-02-21 13:13:50.629 DEBUG 31528 --- [https-jsse-nio-8443-exec-5] o.s.s.w.a.AnonymousAuthenticationFilter  : Populated SecurityContextHolder with anonymous token: 'org.springframework.security.authentication.AnonymousAuthenticationToken@d9b44ce9: Principal: anonymousUser; Credentials: [PROTECTED]; Authenticated: true; Details: org.springframework.security.web.authentication.WebAuthenticationDetails@b364: RemoteIpAddress: 0:0:0:0:0:0:0:1; SessionId: null; Granted Authorities: ROLE_ANONYMOUS'
2019-02-21 13:13:50.629 DEBUG 31528 --- [https-jsse-nio-8443-exec-5] o.s.security.web.FilterChainProxy        : /error at position 9 of 11 in additional filter chain; firing Filter: 'SessionManagementFilter'
2019-02-21 13:13:50.629 DEBUG 31528 --- [https-jsse-nio-8443-exec-5] o.s.security.web.FilterChainProxy        : /error at position 10 of 11 in additional filter chain; firing Filter: 'ExceptionTranslationFilter'
2019-02-21 13:13:50.629 DEBUG 31528 --- [https-jsse-nio-8443-exec-5] o.s.security.web.FilterChainProxy        : /error at position 11 of 11 in additional filter chain; firing Filter: 'FilterSecurityInterceptor'
2019-02-21 13:13:50.630 DEBUG 31528 --- [https-jsse-nio-8443-exec-5] o.s.security.web.FilterChainProxy        : /error reached end of additional filter chain; proceeding with original chain
2019-02-21 13:13:50.635 DEBUG 31528 --- [https-jsse-nio-8443-exec-5] o.s.s.w.a.ExceptionTranslationFilter     : Chain processed normally
2019-02-21 13:13:50.635 DEBUG 31528 --- [https-jsse-nio-8443-exec-5] w.c.HttpSessionSecurityContextRepository : SecurityContext is empty or contents are anonymous - context will not be stored in HttpSession.
2019-02-21 13:13:50.635 DEBUG 31528 --- [https-jsse-nio-8443-exec-5] s.s.w.c.SecurityContextPersistenceFilter : SecurityContextHolder now cleared, as request processing completed
2019-02-21 13:14:03.993 DEBUG 31528 --- [https-jsse-nio-8443-exec-6] o.s.security.web.FilterChainProxy        : /home at position 1 of 11 in additional filter chain; firing Filter: 'WebAsyncManagerIntegrationFilter'
2019-02-21 13:14:03.995 DEBUG 31528 --- [https-jsse-nio-8443-exec-6] o.s.security.web.FilterChainProxy        : /home at position 2 of 11 in additional filter chain; firing Filter: 'SecurityContextPersistenceFilter'
2019-02-21 13:14:03.995 DEBUG 31528 --- [https-jsse-nio-8443-exec-6] w.c.HttpSessionSecurityContextRepository : No HttpSession currently exists
2019-02-21 13:14:03.995 DEBUG 31528 --- [https-jsse-nio-8443-exec-6] w.c.HttpSessionSecurityContextRepository : No SecurityContext was available from the HttpSession: null. A new one will be created.
2019-02-21 13:14:03.995 DEBUG 31528 --- [https-jsse-nio-8443-exec-6] o.s.security.web.FilterChainProxy        : /home at position 3 of 11 in additional filter chain; firing Filter: 'HeaderWriterFilter'
2019-02-21 13:14:03.995 DEBUG 31528 --- [https-jsse-nio-8443-exec-6] o.s.security.web.FilterChainProxy        : /home at position 4 of 11 in additional filter chain; firing Filter: 'LogoutFilter'
2019-02-21 13:14:03.995 DEBUG 31528 --- [https-jsse-nio-8443-exec-6] o.s.s.web.util.matcher.OrRequestMatcher  : Trying to match using Ant [pattern='/logout', GET]
2019-02-21 13:14:03.995 DEBUG 31528 --- [https-jsse-nio-8443-exec-6] o.s.s.w.u.matcher.AntPathRequestMatcher  : Checking match of request : '/home'; against '/logout'
2019-02-21 13:14:03.996 DEBUG 31528 --- [https-jsse-nio-8443-exec-6] o.s.s.web.util.matcher.OrRequestMatcher  : Trying to match using Ant [pattern='/logout', POST]
2019-02-21 13:14:03.996 DEBUG 31528 --- [https-jsse-nio-8443-exec-6] o.s.s.w.u.matcher.AntPathRequestMatcher  : Request 'GET /home' doesn't match 'POST /logout
2019-02-21 13:14:03.996 DEBUG 31528 --- [https-jsse-nio-8443-exec-6] o.s.s.web.util.matcher.OrRequestMatcher  : Trying to match using Ant [pattern='/logout', PUT]
2019-02-21 13:14:03.996 DEBUG 31528 --- [https-jsse-nio-8443-exec-6] o.s.s.w.u.matcher.AntPathRequestMatcher  : Request 'GET /home' doesn't match 'PUT /logout
2019-02-21 13:14:03.996 DEBUG 31528 --- [https-jsse-nio-8443-exec-6] o.s.s.web.util.matcher.OrRequestMatcher  : Trying to match using Ant [pattern='/logout', DELETE]
2019-02-21 13:14:03.996 DEBUG 31528 --- [https-jsse-nio-8443-exec-6] o.s.s.w.u.matcher.AntPathRequestMatcher  : Request 'GET /home' doesn't match 'DELETE /logout
2019-02-21 13:14:03.996 DEBUG 31528 --- [https-jsse-nio-8443-exec-6] o.s.s.web.util.matcher.OrRequestMatcher  : No matches found
2019-02-21 13:14:03.997 DEBUG 31528 --- [https-jsse-nio-8443-exec-6] o.s.security.web.FilterChainProxy        : /home at position 5 of 11 in additional filter chain; firing Filter: 'UsernamePasswordAuthenticationFilter'
2019-02-21 13:14:03.997 DEBUG 31528 --- [https-jsse-nio-8443-exec-6] o.s.s.w.u.matcher.AntPathRequestMatcher  : Request 'GET /home' doesn't match 'POST /login
2019-02-21 13:14:03.997 DEBUG 31528 --- [https-jsse-nio-8443-exec-6] o.s.security.web.FilterChainProxy        : /home at position 6 of 11 in additional filter chain; firing Filter: 'RequestCacheAwareFilter'
2019-02-21 13:14:03.997 DEBUG 31528 --- [https-jsse-nio-8443-exec-6] o.s.security.web.FilterChainProxy        : /home at position 7 of 11 in additional filter chain; firing Filter: 'SecurityContextHolderAwareRequestFilter'
2019-02-21 13:14:03.997 DEBUG 31528 --- [https-jsse-nio-8443-exec-6] o.s.security.web.FilterChainProxy        : /home at position 8 of 11 in additional filter chain; firing Filter: 'AnonymousAuthenticationFilter'
2019-02-21 13:14:03.998 DEBUG 31528 --- [https-jsse-nio-8443-exec-6] o.s.s.w.a.AnonymousAuthenticationFilter  : Populated SecurityContextHolder with anonymous token: 'org.springframework.security.authentication.AnonymousAuthenticationToken@d9b44ce9: Principal: anonymousUser; Credentials: [PROTECTED]; Authenticated: true; Details: org.springframework.security.web.authentication.WebAuthenticationDetails@b364: RemoteIpAddress: 0:0:0:0:0:0:0:1; SessionId: null; Granted Authorities: ROLE_ANONYMOUS'
2019-02-21 13:14:03.998 DEBUG 31528 --- [https-jsse-nio-8443-exec-6] o.s.security.web.FilterChainProxy        : /home at position 9 of 11 in additional filter chain; firing Filter: 'SessionManagementFilter'
2019-02-21 13:14:03.998 DEBUG 31528 --- [https-jsse-nio-8443-exec-6] o.s.s.w.session.SessionManagementFilter  : Requested session ID 6B27D7F7796C7B11822F03DB83AABED9 is invalid.
2019-02-21 13:14:03.998 DEBUG 31528 --- [https-jsse-nio-8443-exec-6] o.s.security.web.FilterChainProxy        : /home at position 10 of 11 in additional filter chain; firing Filter: 'ExceptionTranslationFilter'
2019-02-21 13:14:03.998 DEBUG 31528 --- [https-jsse-nio-8443-exec-6] o.s.security.web.FilterChainProxy        : /home at position 11 of 11 in additional filter chain; firing Filter: 'FilterSecurityInterceptor'
2019-02-21 13:14:03.998 DEBUG 31528 --- [https-jsse-nio-8443-exec-6] o.s.s.w.u.matcher.AntPathRequestMatcher  : Checking match of request : '/home'; against '/design'
2019-02-21 13:14:03.998 DEBUG 31528 --- [https-jsse-nio-8443-exec-6] o.s.s.w.u.matcher.AntPathRequestMatcher  : Checking match of request : '/home'; against '/orders'
2019-02-21 13:14:03.998 DEBUG 31528 --- [https-jsse-nio-8443-exec-6] o.s.s.w.u.matcher.AntPathRequestMatcher  : Checking match of request : '/home'; against '/'
2019-02-21 13:14:03.998 DEBUG 31528 --- [https-jsse-nio-8443-exec-6] o.s.s.w.u.matcher.AntPathRequestMatcher  : Request '/home' matched by universal pattern '/**'
2019-02-21 13:14:03.998 DEBUG 31528 --- [https-jsse-nio-8443-exec-6] o.s.s.w.a.i.FilterSecurityInterceptor    : Secure object: FilterInvocation: URL: /home; Attributes: [permitAll]
2019-02-21 13:14:03.999 DEBUG 31528 --- [https-jsse-nio-8443-exec-6] o.s.s.w.a.i.FilterSecurityInterceptor    : Previously Authenticated: org.springframework.security.authentication.AnonymousAuthenticationToken@d9b44ce9: Principal: anonymousUser; Credentials: [PROTECTED]; Authenticated: true; Details: org.springframework.security.web.authentication.WebAuthenticationDetails@b364: RemoteIpAddress: 0:0:0:0:0:0:0:1; SessionId: null; Granted Authorities: ROLE_ANONYMOUS
2019-02-21 13:14:03.999 DEBUG 31528 --- [https-jsse-nio-8443-exec-6] o.s.s.access.vote.AffirmativeBased       : Voter: org.springframework.security.web.access.expression.WebExpressionVoter@5bee22a2, returned: 1
2019-02-21 13:14:03.999 DEBUG 31528 --- [https-jsse-nio-8443-exec-6] o.s.s.w.a.i.FilterSecurityInterceptor    : Authorization successful
2019-02-21 13:14:03.999 DEBUG 31528 --- [https-jsse-nio-8443-exec-6] o.s.s.w.a.i.FilterSecurityInterceptor    : RunAsManager did not change Authentication object
2019-02-21 13:14:03.999 DEBUG 31528 --- [https-jsse-nio-8443-exec-6] o.s.security.web.FilterChainProxy        : /home reached end of additional filter chain; proceeding with original chain
2019-02-21 13:14:04.001 DEBUG 31528 --- [https-jsse-nio-8443-exec-6] w.c.HttpSessionSecurityContextRepository : SecurityContext is empty or contents are anonymous - context will not be stored in HttpSession.
2019-02-21 13:14:04.001 DEBUG 31528 --- [https-jsse-nio-8443-exec-6] o.s.s.w.a.ExceptionTranslationFilter     : Chain processed normally
2019-02-21 13:14:04.001 DEBUG 31528 --- [https-jsse-nio-8443-exec-6] s.s.w.c.SecurityContextPersistenceFilter : SecurityContextHolder now cleared, as request processing completed
2019-02-21 13:14:04.002 DEBUG 31528 --- [https-jsse-nio-8443-exec-6] o.s.security.web.FilterChainProxy        : /error at position 1 of 11 in additional filter chain; firing Filter: 'WebAsyncManagerIntegrationFilter'
2019-02-21 13:14:04.002 DEBUG 31528 --- [https-jsse-nio-8443-exec-6] o.s.security.web.FilterChainProxy        : /error at position 2 of 11 in additional filter chain; firing Filter: 'SecurityContextPersistenceFilter'
2019-02-21 13:14:04.002 DEBUG 31528 --- [https-jsse-nio-8443-exec-6] w.c.HttpSessionSecurityContextRepository : No HttpSession currently exists
2019-02-21 13:14:04.002 DEBUG 31528 --- [https-jsse-nio-8443-exec-6] w.c.HttpSessionSecurityContextRepository : No SecurityContext was available from the HttpSession: null. A new one will be created.
2019-02-21 13:14:04.002 DEBUG 31528 --- [https-jsse-nio-8443-exec-6] o.s.security.web.FilterChainProxy        : /error at position 3 of 11 in additional filter chain; firing Filter: 'HeaderWriterFilter'
2019-02-21 13:14:04.002 DEBUG 31528 --- [https-jsse-nio-8443-exec-6] o.s.security.web.FilterChainProxy        : /error at position 4 of 11 in additional filter chain; firing Filter: 'LogoutFilter'
2019-02-21 13:14:04.002 DEBUG 31528 --- [https-jsse-nio-8443-exec-6] o.s.s.web.util.matcher.OrRequestMatcher  : Trying to match using Ant [pattern='/logout', GET]
2019-02-21 13:14:04.002 DEBUG 31528 --- [https-jsse-nio-8443-exec-6] o.s.s.w.u.matcher.AntPathRequestMatcher  : Checking match of request : '/error'; against '/logout'
2019-02-21 13:14:04.002 DEBUG 31528 --- [https-jsse-nio-8443-exec-6] o.s.s.web.util.matcher.OrRequestMatcher  : Trying to match using Ant [pattern='/logout', POST]
2019-02-21 13:14:04.003 DEBUG 31528 --- [https-jsse-nio-8443-exec-6] o.s.s.w.u.matcher.AntPathRequestMatcher  : Request 'GET /error' doesn't match 'POST /logout
2019-02-21 13:14:04.003 DEBUG 31528 --- [https-jsse-nio-8443-exec-6] o.s.s.web.util.matcher.OrRequestMatcher  : Trying to match using Ant [pattern='/logout', PUT]
2019-02-21 13:14:04.003 DEBUG 31528 --- [https-jsse-nio-8443-exec-6] o.s.s.w.u.matcher.AntPathRequestMatcher  : Request 'GET /error' doesn't match 'PUT /logout
2019-02-21 13:14:04.003 DEBUG 31528 --- [https-jsse-nio-8443-exec-6] o.s.s.web.util.matcher.OrRequestMatcher  : Trying to match using Ant [pattern='/logout', DELETE]
2019-02-21 13:14:04.003 DEBUG 31528 --- [https-jsse-nio-8443-exec-6] o.s.s.w.u.matcher.AntPathRequestMatcher  : Request 'GET /error' doesn't match 'DELETE /logout
2019-02-21 13:14:04.003 DEBUG 31528 --- [https-jsse-nio-8443-exec-6] o.s.s.web.util.matcher.OrRequestMatcher  : No matches found
2019-02-21 13:14:04.008 DEBUG 31528 --- [https-jsse-nio-8443-exec-6] o.s.security.web.FilterChainProxy        : /error at position 5 of 11 in additional filter chain; firing Filter: 'UsernamePasswordAuthenticationFilter'
2019-02-21 13:14:04.008 DEBUG 31528 --- [https-jsse-nio-8443-exec-6] o.s.s.w.u.matcher.AntPathRequestMatcher  : Request 'GET /error' doesn't match 'POST /login
2019-02-21 13:14:04.008 DEBUG 31528 --- [https-jsse-nio-8443-exec-6] o.s.security.web.FilterChainProxy        : /error at position 6 of 11 in additional filter chain; firing Filter: 'RequestCacheAwareFilter'
2019-02-21 13:14:04.008 DEBUG 31528 --- [https-jsse-nio-8443-exec-6] o.s.security.web.FilterChainProxy        : /error at position 7 of 11 in additional filter chain; firing Filter: 'SecurityContextHolderAwareRequestFilter'
2019-02-21 13:14:04.008 DEBUG 31528 --- [https-jsse-nio-8443-exec-6] o.s.security.web.FilterChainProxy        : /error at position 8 of 11 in additional filter chain; firing Filter: 'AnonymousAuthenticationFilter'
2019-02-21 13:14:04.008 DEBUG 31528 --- [https-jsse-nio-8443-exec-6] o.s.s.w.a.AnonymousAuthenticationFilter  : Populated SecurityContextHolder with anonymous token: 'org.springframework.security.authentication.AnonymousAuthenticationToken@d9b44ce9: Principal: anonymousUser; Credentials: [PROTECTED]; Authenticated: true; Details: org.springframework.security.web.authentication.WebAuthenticationDetails@b364: RemoteIpAddress: 0:0:0:0:0:0:0:1; SessionId: null; Granted Authorities: ROLE_ANONYMOUS'
2019-02-21 13:14:04.008 DEBUG 31528 --- [https-jsse-nio-8443-exec-6] o.s.security.web.FilterChainProxy        : /error at position 9 of 11 in additional filter chain; firing Filter: 'SessionManagementFilter'
2019-02-21 13:14:04.008 DEBUG 31528 --- [https-jsse-nio-8443-exec-6] o.s.security.web.FilterChainProxy        : /error at position 10 of 11 in additional filter chain; firing Filter: 'ExceptionTranslationFilter'
2019-02-21 13:14:04.008 DEBUG 31528 --- [https-jsse-nio-8443-exec-6] o.s.security.web.FilterChainProxy        : /error at position 11 of 11 in additional filter chain; firing Filter: 'FilterSecurityInterceptor'
2019-02-21 13:14:04.008 DEBUG 31528 --- [https-jsse-nio-8443-exec-6] o.s.security.web.FilterChainProxy        : /error reached end of additional filter chain; proceeding with original chain
2019-02-21 13:14:04.014 DEBUG 31528 --- [https-jsse-nio-8443-exec-6] o.s.s.w.a.ExceptionTranslationFilter     : Chain processed normally
2019-02-21 13:14:04.014 DEBUG 31528 --- [https-jsse-nio-8443-exec-6] w.c.HttpSessionSecurityContextRepository : SecurityContext is empty or contents are anonymous - context will not be stored in HttpSession.
2019-02-21 13:14:04.014 DEBUG 31528 --- [https-jsse-nio-8443-exec-6] s.s.w.c.SecurityContextPersistenceFilter : SecurityContextHolder now cleared, as request processing completed
2019-02-21 13:16:57.803  WARN 31528 --- [Thread-9] o.s.b.f.support.DisposableBeanAdapter    : Invocation of destroy method failed on bean with name 'inMemoryDatabaseShutdownExecutor': org.h2.jdbc.JdbcSQLException: Database is already closed (to disable automatic closing at VM shutdown, add ";DB_CLOSE_ON_EXIT=FALSE" to the db URL) [90121-197]
